// Enhance report generation for church services – 2026-03-20 15:00:00
// Improve attendance session tracking logic – 2026-03-20 15:00:00
// Optimize database indexing for attendance queries – 2026-03-21 15:00:00
// Refactor member registration workflow – 2026-03-21 15:00:00
// Enhance report generation for church services – 2026-03-21 15:00:00
// Enhance report generation for church services – 2026-03-21 15:00:00
// Optimize database indexing for attendance queries – 2026-03-21 15:00:00
// Optimize database indexing for attendance queries – 2026-03-21 15:00:00
// Optimize database indexing for attendance queries – 2026-03-21 15:00:00
// Enhance report generation for church services – 2026-03-21 15:00:00
// Improve UI flow for service check-ins – 2026-03-21 15:00:00
// Improve UI flow for service check-ins – 2026-03-21 15:00:00
// Enhance report generation for church services – 2026-03-21 15:00:00
// Enhance report generation for church services – 2026-03-21 15:00:00
// Enhance report generation for church services – 2026-03-21 15:00:00
// Improve attendance session tracking logic – 2026-03-21 15:00:00
// Improve attendance session tracking logic – 2026-03-21 15:00:00
// Improve UI flow for service check-ins – 2026-03-21 15:00:00
// Improve UI flow for service check-ins – 2026-03-22 15:00:00
// Improve attendance session tracking logic – 2026-03-22 15:00:00
// Optimize database indexing for attendance queries – 2026-03-22 15:00:00
// Refactor member registration workflow – 2026-03-22 15:00:00
// Improve UI flow for service check-ins – 2026-03-22 15:00:00
// Optimize database indexing for attendance queries – 2026-03-22 15:00:00
// Improve attendance session tracking logic – 2026-03-22 15:00:00
// Improve attendance session tracking logic – 2026-03-23 15:00:00
// Refactor member registration workflow – 2026-03-23 15:00:00
// Refactor member registration workflow – 2026-03-23 15:00:00
// Optimize database indexing for attendance queries – 2026-03-23 15:00:00
// Optimize database indexing for attendance queries – 2026-03-23 15:00:00
// Enhance report generation for church services – 2026-03-23 15:00:00
// Refactor member registration workflow – 2026-03-23 15:00:00
// Improve UI flow for service check-ins – 2026-03-23 15:00:00
// Enhance report generation for church services – 2026-03-23 15:00:00
// Improve attendance session tracking logic – 2026-03-23 15:00:00
// Improve UI flow for service check-ins – 2026-03-23 15:00:00
// Enhance report generation for church services – 2026-03-24 15:00:00
// Optimize database indexing for attendance queries – 2026-03-24 15:00:00
// Optimize database indexing for attendance queries – 2026-03-24 15:00:00
// Improve attendance session tracking logic – 2026-03-24 15:00:00
// Refactor member registration workflow – 2026-03-25 15:00:00
// Refactor member registration workflow – 2026-03-25 15:00:00
// Optimize database indexing for attendance queries – 2026-03-25 15:00:00
// Improve attendance session tracking logic – 2026-03-25 15:00:00
// Refactor member registration workflow – 2026-03-26 15:00:00
// Optimize database indexing for attendance queries – 2026-03-26 15:00:00
// Improve UI flow for service check-ins – 2026-03-26 15:00:00
// Improve UI flow for service check-ins – 2026-03-26 15:00:00
// Improve attendance session tracking logic – 2026-03-26 15:00:00
// Refactor member registration workflow – 2026-03-26 15:00:00
// Refactor member registration workflow – 2026-03-27 15:00:00
// Refactor member registration workflow – 2026-03-27 15:00:00
// Optimize database indexing for attendance queries – 2026-03-27 15:00:00
// Improve UI flow for service check-ins – 2026-03-27 15:00:00
// Improve attendance session tracking logic – 2026-03-27 15:00:00
// Optimize database indexing for attendance queries – 2026-03-27 15:00:00
// Improve attendance session tracking logic – 2026-03-27 15:00:00
// Enhance report generation for church services – 2026-03-28 15:00:00
// Optimize database indexing for attendance queries – 2026-03-28 15:00:00
// Improve UI flow for service check-ins – 2026-03-28 15:00:00
// Improve attendance session tracking logic – 2026-03-28 15:00:00
// Optimize database indexing for attendance queries – 2026-03-29 15:00:00
// Refactor member registration workflow – 2026-03-29 15:00:00
// Enhance report generation for church services – 2026-03-29 15:00:00
// Improve UI flow for service check-ins – 2026-03-29 15:00:00
// Improve attendance session tracking logic – 2026-03-29 15:00:00
// Optimize database indexing for attendance queries – 2026-03-30 15:00:00
// Improve attendance session tracking logic – 2026-03-30 15:00:00
// Improve attendance session tracking logic – 2026-03-30 15:00:00
// Refactor member registration workflow – 2026-03-30 15:00:00
// Enhance report generation for church services – 2026-03-30 15:00:00
// Improve attendance session tracking logic – 2026-03-31 15:00:00
// Improve attendance session tracking logic – 2026-03-31 15:00:00
// Enhance report generation for church services – 2026-03-31 15:00:00
// Improve attendance session tracking logic – 2026-03-31 15:00:00
// Optimize database indexing for attendance queries – 2026-03-31 15:00:00
// Optimize database indexing for attendance queries – 2026-04-01 15:00:00
// Refactor member registration workflow – 2026-04-01 15:00:00
// Optimize database indexing for attendance queries – 2026-04-01 15:00:00
// Refactor member registration workflow – 2026-04-01 15:00:00
// Optimize database indexing for attendance queries – 2026-04-01 15:00:00
// Improve UI flow for service check-ins – 2026-04-02 15:00:00
// Enhance report generation for church services – 2026-04-02 15:00:00
// Refactor member registration workflow – 2026-04-02 15:00:00
// Improve UI flow for service check-ins – 2026-04-02 15:00:00
// Optimize database indexing for attendance queries – 2026-04-02 15:00:00
// Improve UI flow for service check-ins – 2026-04-02 15:00:00
// Optimize database indexing for attendance queries – 2026-04-02 15:00:00
// Refactor member registration workflow – 2026-04-02 15:00:00
// Improve UI flow for service check-ins – 2026-04-02 15:00:00
// Refactor member registration workflow – 2026-04-02 15:00:00
// Enhance report generation for church services – 2026-04-02 15:00:00
// Optimize database indexing for attendance queries – 2026-04-02 15:00:00
// Optimize database indexing for attendance queries – 2026-04-03 15:00:00
// Refactor member registration workflow – 2026-04-03 15:00:00
// Optimize database indexing for attendance queries – 2026-04-03 15:00:00
// Enhance report generation for church services – 2026-04-03 15:00:00
// Improve attendance session tracking logic – 2026-04-03 15:00:00
// Improve UI flow for service check-ins – 2026-04-03 15:00:00
// Improve attendance session tracking logic – 2026-04-03 15:00:00
// Improve UI flow for service check-ins – 2026-04-03 15:00:00
// Enhance report generation for church services – 2026-04-04 15:00:00
// Improve attendance session tracking logic – 2026-04-04 15:00:00
// Refactor member registration workflow – 2026-04-04 15:00:00
// Optimize database indexing for attendance queries – 2026-04-05 15:00:00
// Improve attendance session tracking logic – 2026-04-05 15:00:00
// Refactor member registration workflow – 2026-04-05 15:00:00
// Improve attendance session tracking logic – 2026-04-05 15:00:00
// Optimize database indexing for attendance queries – 2026-04-06 15:00:00
// Enhance report generation for church services – 2026-04-06 15:00:00
// Improve UI flow for service check-ins – 2026-04-06 15:00:00
// Refactor member registration workflow – 2026-04-06 15:00:00
// Optimize database indexing for attendance queries – 2026-04-06 15:00:00
// Enhance report generation for church services – 2026-04-06 15:00:00
// Enhance report generation for church services – 2026-04-09 15:00:00
// Enhance report generation for church services – 2026-04-09 15:00:00
// Refactor member registration workflow – 2026-04-09 15:00:00
// Improve attendance session tracking logic – 2026-04-09 15:00:00
// Improve attendance session tracking logic – 2026-04-09 15:00:00
// Optimize database indexing for attendance queries – 2026-04-09 15:00:00
// Optimize database indexing for attendance queries – 2026-04-09 15:00:00
// Enhance report generation for church services – 2026-04-09 15:00:00
// Improve attendance session tracking logic – 2026-04-09 15:00:00
// Refactor member registration workflow – 2026-04-09 15:00:00
// Improve attendance session tracking logic – 2026-04-09 15:00:00
// Refactor member registration workflow – 2026-04-10 15:00:00
// Refactor member registration workflow – 2026-04-10 15:00:00
// Improve UI flow for service check-ins – 2026-04-10 15:00:00
// Enhance report generation for church services – 2026-04-10 15:00:00
// Optimize database indexing for attendance queries – 2026-04-11 15:00:00
// Improve UI flow for service check-ins – 2026-04-11 15:00:00
// Enhance report generation for church services – 2026-04-11 15:00:00
// Improve UI flow for service check-ins – 2026-04-11 15:00:00
// Improve UI flow for service check-ins – 2026-04-08 15:00:00
// Improve attendance session tracking logic – 2026-04-08 15:00:00
// Enhance report generation for church services – 2026-04-08 15:00:00
// Optimize database indexing for attendance queries – 2026-04-08 15:00:00
// Improve UI flow for service check-ins – 2026-04-08 15:00:00
// Improve UI flow for service check-ins – 2026-04-08 15:00:00
// Refactor member registration workflow – 2026-04-08 15:00:00
// Improve UI flow for service check-ins – 2026-04-12 15:00:00
// Optimize database indexing for attendance queries – 2026-04-12 15:00:00
// Enhance report generation for church services – 2026-04-12 15:00:00
// Optimize database indexing for attendance queries – 2026-04-12 15:00:00
// Improve attendance session tracking logic – 2026-04-12 15:00:00
// Refactor member registration workflow – 2026-04-12 15:00:00
// Enhance report generation for church services – 2026-04-13 15:00:00
// Refactor member registration workflow – 2026-04-13 15:00:00
// Refactor member registration workflow – 2026-04-13 15:00:00
// Enhance report generation for church services – 2026-04-13 15:00:00
// Optimize database indexing for attendance queries – 2026-04-14 15:00:00
// Optimize database indexing for attendance queries – 2026-04-14 15:00:00
// Improve attendance session tracking logic – 2026-04-14 15:00:00
// Optimize database indexing for attendance queries – 2026-04-14 15:00:00
// Refactor member registration workflow – 2026-04-14 15:00:00
// Improve attendance session tracking logic – 2026-04-14 15:00:00
// Optimize database indexing for attendance queries – 2026-04-15 15:00:00
// Refactor member registration workflow – 2026-04-15 15:00:00
// Refactor member registration workflow – 2026-04-15 15:00:00
// Optimize database indexing for attendance queries – 2026-04-15 15:00:00
// Improve attendance session tracking logic – 2026-04-16 15:00:00
// Refactor member registration workflow – 2026-04-16 15:00:00
// Enhance report generation for church services – 2026-04-16 15:00:00
// Optimize database indexing for attendance queries – 2026-04-16 15:00:00
// Enhance report generation for church services – 2026-04-16 15:00:00
// Enhance report generation for church services – 2026-04-16 15:00:00
// Improve attendance session tracking logic – 2026-04-16 15:00:00
// Enhance report generation for church services – 2026-04-17 15:00:00
// Improve attendance session tracking logic – 2026-04-17 15:00:00
// Optimize database indexing for attendance queries – 2026-04-17 15:00:00
// Optimize database indexing for attendance queries – 2026-04-17 15:00:00
// Optimize database indexing for attendance queries – 2026-04-17 15:00:00
// Enhance report generation for church services – 2026-04-18 15:00:00
// Improve attendance session tracking logic – 2026-04-18 15:00:00
// Refactor member registration workflow – 2026-04-18 15:00:00
// Enhance report generation for church services – 2026-04-18 15:00:00
// Enhance report generation for church services – 2026-04-18 15:00:00
// Optimize database indexing for attendance queries – 2026-04-18 15:00:00
// Improve attendance session tracking logic – 2026-04-19 15:00:00
// Refactor member registration workflow – 2026-04-19 15:00:00
// Improve UI flow for service check-ins – 2026-04-19 15:00:00
// Improve UI flow for service check-ins – 2026-04-19 15:00:00
// Improve UI flow for service check-ins – 2026-04-20 15:00:00
// Improve UI flow for service check-ins – 2026-04-20 15:00:00
// Enhance report generation for church services – 2026-04-20 15:00:00
// Enhance report generation for church services – 2026-04-20 15:00:00
// Optimize database indexing for attendance queries – 2026-04-20 15:00:00
// Improve UI flow for service check-ins – 2026-04-20 15:00:00
// Optimize database indexing for attendance queries – 2026-04-21 15:00:00
// Refactor member registration workflow – 2026-04-21 15:00:00
// Optimize database indexing for attendance queries – 2026-04-21 15:00:00
// Enhance report generation for church services – 2026-04-21 15:00:00
// Improve UI flow for service check-ins – 2026-04-21 15:00:00
// Refactor member registration workflow – 2026-04-21 15:00:00
// Enhance report generation for church services – 2026-04-21 15:00:00
// Optimize database indexing for attendance queries – 2026-04-22 15:00:00
// Enhance report generation for church services – 2026-04-22 15:00:00
// Improve UI flow for service check-ins – 2026-04-22 15:00:00
// Optimize database indexing for attendance queries – 2026-04-22 15:00:00
// Improve attendance session tracking logic – 2026-04-24 15:00:00
// Enhance report generation for church services – 2026-04-24 15:00:00
// Optimize database indexing for attendance queries – 2026-04-24 15:00:00
// Improve attendance session tracking logic – 2026-04-24 15:00:00
// Enhance report generation for church services – 2026-04-25 15:00:00
// Optimize database indexing for attendance queries – 2026-04-25 15:00:00
// Refactor member registration workflow – 2026-04-25 15:00:00
// Optimize database indexing for attendance queries – 2026-04-25 15:00:00
// Optimize database indexing for attendance queries – 2026-04-25 15:00:00
// Enhance report generation for church services – 2026-04-25 15:00:00
// Improve attendance session tracking logic – 2026-04-25 15:00:00
// Optimize database indexing for attendance queries – 2026-04-26 15:00:00
// Refactor member registration workflow – 2026-04-26 15:00:00
// Refactor member registration workflow – 2026-04-26 15:00:00
// Improve attendance session tracking logic – 2026-04-26 15:00:00
// Optimize database indexing for attendance queries – 2026-04-26 15:00:00
// Optimize database indexing for attendance queries – 2026-04-26 15:00:00
// Improve attendance session tracking logic – 2026-04-26 15:00:00
// Enhance report generation for church services – 2026-04-27 15:00:00
// Improve attendance session tracking logic – 2026-04-27 15:00:00
// Optimize database indexing for attendance queries – 2026-04-27 15:00:00
// Enhance report generation for church services – 2026-04-27 15:00:00
// Refactor member registration workflow – 2026-04-27 15:00:00
// Refactor member registration workflow – 2026-04-28 15:00:00
// Enhance report generation for church services – 2026-04-28 15:00:00
// Refactor member registration workflow – 2026-04-28 15:00:00
// Refactor member registration workflow – 2026-04-28 15:00:00
// Refactor member registration workflow – 2026-04-28 15:00:00
// Optimize database indexing for attendance queries – 2026-04-29 15:00:00
// Enhance report generation for church services – 2026-04-29 15:00:00
// Improve attendance session tracking logic – 2026-04-29 15:00:00
// Refactor member registration workflow – 2026-04-29 15:00:00
// Improve UI flow for service check-ins – 2026-04-29 15:00:00
// Optimize database indexing for attendance queries – 2026-04-29 15:00:00
// Improve attendance session tracking logic – 2026-04-29 15:00:00
// Improve attendance session tracking logic – 2026-04-30 15:00:00
// Improve UI flow for service check-ins – 2026-04-30 15:00:00
// Refactor member registration workflow – 2026-04-30 15:00:00
// Improve attendance session tracking logic – 2026-04-30 15:00:00
// Improve UI flow for service check-ins – 2026-04-30 15:00:00
// Refactor member registration workflow – 2026-04-30 15:00:00
// Optimize database indexing for attendance queries – 2026-04-30 15:00:00
// Refactor member registration workflow – 2026-05-01 15:00:00
// Improve attendance session tracking logic – 2026-05-01 15:00:00
// Refactor member registration workflow – 2026-05-01 15:00:00
// Refactor member registration workflow – 2026-05-01 15:00:00
// Improve UI flow for service check-ins – 2026-05-01 15:00:00
// Improve attendance session tracking logic – 2026-05-02 15:00:00
// Refactor member registration workflow – 2026-05-02 15:00:00
// Enhance report generation for church services – 2026-05-02 15:00:00
// Improve UI flow for service check-ins – 2026-05-02 15:00:00
// Improve attendance session tracking logic – 2026-05-02 15:00:00
// Improve UI flow for service check-ins – 2026-05-02 15:00:00
// Improve attendance session tracking logic – 2026-05-03 15:00:00
// Improve attendance session tracking logic – 2026-05-03 15:00:00
// Optimize database indexing for attendance queries – 2026-05-03 15:00:00
// Refactor member registration workflow – 2026-05-04 15:00:00
// Optimize database indexing for attendance queries – 2026-05-04 15:00:00
// Optimize database indexing for attendance queries – 2026-05-04 15:00:00
// Improve UI flow for service check-ins – 2026-05-04 15:00:00
// Optimize database indexing for attendance queries – 2026-05-04 15:00:00
// Optimize database indexing for attendance queries – 2026-05-04 15:00:00
// Refactor member registration workflow – 2026-05-04 15:00:00
// Optimize database indexing for attendance queries – 2026-05-05 15:00:00
// Enhance report generation for church services – 2026-05-05 15:00:00
// Refactor member registration workflow – 2026-05-05 15:00:00
// Enhance report generation for church services – 2026-05-05 15:00:00
// Improve attendance session tracking logic – 2026-05-05 15:00:00
// Improve attendance session tracking logic – 2026-05-05 15:00:00
// Refactor member registration workflow – 2026-05-05 15:00:00
// Refactor member registration workflow – 2026-05-06 15:00:00
// Optimize database indexing for attendance queries – 2026-05-06 15:00:00
// Enhance report generation for church services – 2026-05-06 15:00:00
// Improve attendance session tracking logic – 2026-05-06 15:00:00
// Refactor member registration workflow – 2026-05-06 15:00:00
// Improve attendance session tracking logic – 2026-05-07 15:00:00
// Improve UI flow for service check-ins – 2026-05-07 15:00:00
// Optimize database indexing for attendance queries – 2026-05-07 15:00:00
// Optimize database indexing for attendance queries – 2026-05-07 15:00:00
// Improve UI flow for service check-ins – 2026-05-08 15:00:00
// Refactor member registration workflow – 2026-05-08 15:00:00
// Refactor member registration workflow – 2026-05-08 15:00:00
// Optimize database indexing for attendance queries – 2026-05-08 15:00:00
// Improve attendance session tracking logic – 2026-05-08 15:00:00
// Optimize database indexing for attendance queries – 2026-05-08 15:00:00
// Improve UI flow for service check-ins – 2026-05-08 15:00:00
// Optimize database indexing for attendance queries – 2026-05-09 15:00:00
// Optimize database indexing for attendance queries – 2026-05-09 15:00:00
// Refactor member registration workflow – 2026-05-09 15:00:00
// Refactor member registration workflow – 2026-05-09 15:00:00
// Enhance report generation for church services – 2026-05-09 15:00:00
// Refactor member registration workflow – 2026-05-10 15:00:00
// Improve UI flow for service check-ins – 2026-05-10 15:00:00
// Optimize database indexing for attendance queries – 2026-05-10 15:00:00
// Improve UI flow for service check-ins – 2026-05-10 15:00:00
// Improve attendance session tracking logic – 2026-05-10 15:00:00
// Optimize database indexing for attendance queries – 2026-05-10 15:00:00
// Improve attendance session tracking logic – 2026-05-11 15:00:00
// Optimize database indexing for attendance queries – 2026-05-11 15:00:00
// Optimize database indexing for attendance queries – 2026-05-11 15:00:00
// Optimize database indexing for attendance queries – 2026-05-11 15:00:00
// Improve attendance session tracking logic – 2026-05-11 15:00:00
// Optimize database indexing for attendance queries – 2026-05-11 15:00:00
// Improve UI flow for service check-ins – 2026-05-11 15:00:00
// Enhance report generation for church services – 2026-05-12 15:00:00
// Improve UI flow for service check-ins – 2026-05-12 15:00:00
// Improve attendance session tracking logic – 2026-05-12 15:00:00
// Optimize database indexing for attendance queries – 2026-05-12 15:00:00
// Improve UI flow for service check-ins – 2026-05-13 15:00:00
// Refactor member registration workflow – 2026-05-13 15:00:00
// Optimize database indexing for attendance queries – 2026-05-13 15:00:00
// Refactor member registration workflow – 2026-05-13 15:00:00
// Improve UI flow for service check-ins – 2026-05-14 15:00:00
// Optimize database indexing for attendance queries – 2026-05-14 15:00:00
// Optimize database indexing for attendance queries – 2026-05-14 15:00:00
// Improve attendance session tracking logic – 2026-05-14 15:00:00
// Enhance report generation for church services – 2026-05-14 15:00:00
// Optimize database indexing for attendance queries – 2026-05-15 15:00:00
// Improve UI flow for service check-ins – 2026-05-15 15:00:00
// Improve UI flow for service check-ins – 2026-05-15 15:00:00
// Improve attendance session tracking logic – 2026-05-15 15:00:00
// Optimize database indexing for attendance queries – 2026-05-15 15:00:00
// Improve UI flow for service check-ins – 2026-05-15 15:00:00
// Improve UI flow for service check-ins – 2026-05-15 15:00:00
// Improve UI flow for service check-ins – 2026-05-16 15:00:00
// Refactor member registration workflow – 2026-05-16 15:00:00
// Refactor member registration workflow – 2026-05-16 15:00:00
// Enhance report generation for church services – 2026-05-17 15:00:00
// Enhance report generation for church services – 2026-05-17 15:00:00
// Optimize database indexing for attendance queries – 2026-05-17 15:00:00
// Improve attendance session tracking logic – 2026-05-17 15:00:00
// Optimize database indexing for attendance queries – 2026-05-18 15:00:00
// Improve attendance session tracking logic – 2026-05-18 15:00:00
// Optimize database indexing for attendance queries – 2026-05-18 15:00:00
// Enhance report generation for church services – 2026-05-19 15:00:00
// Refactor member registration workflow – 2026-05-19 15:00:00
// Improve UI flow for service check-ins – 2026-05-19 15:00:00
// Refactor member registration workflow – 2026-05-20 15:00:00
// Optimize database indexing for attendance queries – 2026-05-20 15:00:00
// Enhance report generation for church services – 2026-05-20 15:00:00
// Refactor member registration workflow – 2026-05-20 15:00:00
// Improve attendance session tracking logic – 2026-05-21 15:00:00
// Improve UI flow for service check-ins – 2026-05-21 15:00:00
// Enhance report generation for church services – 2026-05-21 15:00:00
// Refactor member registration workflow – 2026-05-21 15:00:00
// Optimize database indexing for attendance queries – 2026-05-21 15:00:00
// Enhance report generation for church services – 2026-05-21 15:00:00
// Enhance report generation for church services – 2026-05-21 15:00:00
// Refactor member registration workflow – 2026-05-22 15:00:00
// Enhance report generation for church services – 2026-05-22 15:00:00
// Improve attendance session tracking logic – 2026-05-22 15:00:00
// Enhance report generation for church services – 2026-05-22 15:00:00
// Improve UI flow for service check-ins – 2026-05-22 15:00:00
// Improve attendance session tracking logic – 2026-05-22 15:00:00
// Improve attendance session tracking logic – 2026-05-22 15:00:00
// Refactor member registration workflow – 2026-05-23 15:00:00
// Improve UI flow for service check-ins – 2026-05-23 15:00:00
// Enhance report generation for church services – 2026-05-23 15:00:00
// Improve UI flow for service check-ins – 2026-05-23 15:00:00
// Enhance report generation for church services – 2026-05-23 15:00:00
// Optimize database indexing for attendance queries – 2026-05-24 15:00:00
// Enhance report generation for church services – 2026-05-24 15:00:00
// Improve attendance session tracking logic – 2026-05-24 15:00:00
// Optimize database indexing for attendance queries – 2026-05-24 15:00:00
// Improve UI flow for service check-ins – 2026-05-24 15:00:00
// Enhance report generation for church services – 2026-05-24 15:00:00
// Improve UI flow for service check-ins – 2026-05-25 15:00:00
// Optimize database indexing for attendance queries – 2026-05-25 15:00:00
// Refactor member registration workflow – 2026-05-25 15:00:00
// Improve attendance session tracking logic – 2026-05-25 15:00:00
// Improve UI flow for service check-ins – 2026-05-25 15:00:00
// Improve attendance session tracking logic – 2026-05-26 15:00:00
// Enhance report generation for church services – 2026-05-26 15:00:00
// Refactor member registration workflow – 2026-05-26 15:00:00
// Optimize database indexing for attendance queries – 2026-05-26 15:00:00
// Optimize database indexing for attendance queries – 2026-05-26 15:00:00
// Optimize database indexing for attendance queries – 2026-05-27 15:00:00
// Improve UI flow for service check-ins – 2026-05-27 15:00:00
// Optimize database indexing for attendance queries – 2026-05-27 15:00:00
// Enhance report generation for church services – 2026-05-28 15:00:00
// Refactor member registration workflow – 2026-05-28 15:00:00
// Optimize database indexing for attendance queries – 2026-05-28 15:00:00
// Refactor member registration workflow – 2026-05-28 15:00:00
// Refactor member registration workflow – 2026-05-28 15:00:00
// Improve attendance session tracking logic – 2026-05-28 15:00:00
// Enhance report generation for church services – 2026-05-29 15:00:00
// Improve attendance session tracking logic – 2026-05-29 15:00:00
// Refactor member registration workflow – 2026-05-29 15:00:00
// Enhance report generation for church services – 2026-05-29 15:00:00
// Refactor member registration workflow – 2026-05-29 15:00:00
// Refactor member registration workflow – 2026-05-29 15:00:00
// Improve attendance session tracking logic – 2026-05-29 15:00:00
// Enhance report generation for church services – 2026-05-30 15:00:00
// Optimize database indexing for attendance queries – 2026-05-30 15:00:00
// Refactor member registration workflow – 2026-05-30 15:00:00
// Improve UI flow for service check-ins – 2026-05-30 15:00:00
// Optimize database indexing for attendance queries – 2026-05-30 15:00:00
// Enhance report generation for church services – 2026-05-30 15:00:00
// Enhance report generation for church services – 2026-05-30 15:00:00
// Improve UI flow for service check-ins – 2026-05-31 15:00:00
// Optimize database indexing for attendance queries – 2026-05-31 15:00:00
// Enhance report generation for church services – 2026-05-31 15:00:00
// Improve attendance session tracking logic – 2026-06-01 15:00:00
// Enhance report generation for church services – 2026-06-01 15:00:00
// Optimize database indexing for attendance queries – 2026-06-01 15:00:00
// Refactor member registration workflow – 2026-06-01 15:00:00
// Improve UI flow for service check-ins – 2026-06-01 15:00:00
// Refactor member registration workflow – 2026-06-02 15:00:00
// Enhance report generation for church services – 2026-06-02 15:00:00
// Improve attendance session tracking logic – 2026-06-02 15:00:00
// Improve UI flow for service check-ins – 2026-06-03 15:00:00
// Refactor member registration workflow – 2026-06-03 15:00:00
// Improve attendance session tracking logic – 2026-06-03 15:00:00
// Enhance report generation for church services – 2026-06-03 15:00:00
// Improve attendance session tracking logic – 2026-06-04 15:00:00
// Enhance report generation for church services – 2026-06-04 15:00:00
// Improve UI flow for service check-ins – 2026-06-04 15:00:00
// Optimize database indexing for attendance queries – 2026-06-04 15:00:00
// Refactor member registration workflow – 2026-06-04 15:00:00
// Optimize database indexing for attendance queries – 2026-06-05 15:00:00
// Enhance report generation for church services – 2026-06-05 15:00:00
// Optimize database indexing for attendance queries – 2026-06-05 15:00:00
// Optimize database indexing for attendance queries – 2026-06-06 15:00:00
// Improve UI flow for service check-ins – 2026-06-06 15:00:00
// Improve attendance session tracking logic – 2026-06-06 15:00:00
// Improve attendance session tracking logic – 2026-06-06 15:00:00
// Improve attendance session tracking logic – 2026-06-06 15:00:00
// Enhance report generation for church services – 2026-06-06 15:00:00
// Refactor member registration workflow – 2026-06-07 15:00:00
// Refactor member registration workflow – 2026-06-07 15:00:00
// Optimize database indexing for attendance queries – 2026-06-07 15:00:00
// Optimize database indexing for attendance queries – 2026-06-08 15:00:00
// Enhance report generation for church services – 2026-06-08 15:00:00
// Optimize database indexing for attendance queries – 2026-06-08 15:00:00
// Improve UI flow for service check-ins – 2026-06-09 15:00:00
// Enhance report generation for church services – 2026-06-09 15:00:00
// Improve attendance session tracking logic – 2026-06-09 15:00:00
// Refactor member registration workflow – 2026-06-09 15:00:00
// Improve UI flow for service check-ins – 2026-06-09 15:00:00
// Refactor member registration workflow – 2026-06-09 15:00:00
// Enhance report generation for church services – 2026-06-10 15:00:00
// Enhance report generation for church services – 2026-06-10 15:00:00
// Improve UI flow for service check-ins – 2026-06-10 15:00:00
// Improve attendance session tracking logic – 2026-06-10 15:00:00
// Refactor member registration workflow – 2026-06-10 15:00:00
// Improve UI flow for service check-ins – 2026-06-10 15:00:00
// Refactor member registration workflow – 2026-06-10 15:00:00
// Improve UI flow for service check-ins – 2026-06-11 15:00:00
// Refactor member registration workflow – 2026-06-11 15:00:00
// Refactor member registration workflow – 2026-06-11 15:00:00
// Improve UI flow for service check-ins – 2026-06-11 15:00:00
// Improve UI flow for service check-ins – 2026-06-11 15:00:00
// Improve attendance session tracking logic – 2026-06-11 15:00:00
// Refactor member registration workflow – 2026-06-15 15:00:00
// Optimize database indexing for attendance queries – 2026-06-15 15:00:00
// Improve attendance session tracking logic – 2026-06-15 15:00:00
// Optimize database indexing for attendance queries – 2026-06-15 15:00:00
// Improve attendance session tracking logic – 2026-06-15 15:00:00
// Improve attendance session tracking logic – 2026-06-15 15:00:00
// Improve UI flow for service check-ins – 2026-04-08 15:00:00
// Improve attendance session tracking logic – 2026-04-08 15:00:00
// Improve attendance session tracking logic – 2026-04-08 15:00:00
// Optimize database indexing for attendance queries – 2026-04-08 15:00:00
// Refactor member registration workflow – 2026-06-15 15:00:00
// Improve UI flow for service check-ins – 2026-06-15 15:00:00
// Optimize database indexing for attendance queries – 2026-06-15 15:00:00
// Improve attendance session tracking logic – 2026-06-11 15:00:00
// Refactor member registration workflow – 2026-06-11 15:00:00
// Improve attendance session tracking logic – 2026-06-11 15:00:00
// Optimize database indexing for attendance queries – 2026-06-11 15:00:00
// Enhance report generation for church services – 2026-06-11 15:00:00
// Improve attendance session tracking logic – 2026-06-11 15:00:00
// Enhance report generation for church services – 2026-06-11 15:00:00
// Improve UI flow for service check-ins – 2026-06-11 15:00:00
// Refactor member registration workflow – 2026-06-11 15:00:00
// Enhance report generation for church services – 2026-06-11 15:00:00
// Optimize database indexing for attendance queries – 2026-06-11 15:00:00
// Improve UI flow for service check-ins – 2026-06-11 15:00:00
// Improve UI flow for service check-ins – 2026-06-11 15:00:00
// Improve attendance session tracking logic – 2026-06-11 15:00:00
// Optimize database indexing for attendance queries – 2026-06-11 15:00:00
// Improve attendance session tracking logic – 2026-06-11 15:00:00
// Optimize database indexing for attendance queries – 2026-06-11 15:00:00
// Improve attendance session tracking logic – 2026-06-13 12:49:48
// Improve attendance session tracking logic – 2026-06-13 14:20:26
// Enhance report generation for church services – 2026-06-13 13:47:59
// Improve UI flow for service check-ins – 2026-06-13 14:23:41
// Refactor member registration workflow – 2026-06-13 14:25:10
// Improve UI flow for service check-ins – 2026-06-13 10:23:19
// Optimize database indexing for attendance queries – 2026-06-13 16:13:54
// Improve UI flow for service check-ins – 2026-06-13 17:13:26
// Refactor member registration workflow – 2026-06-13 12:23:36
// Enhance report generation for church services – 2026-06-13 17:34:56
// Refactor member registration workflow – 2026-06-13 10:16:44
// Optimize database indexing for attendance queries – 2026-06-12 16:44:33
// Refactor member registration workflow – 2026-06-12 15:49:12
// Improve UI flow for service check-ins – 2026-06-12 11:24:22
// Improve attendance session tracking logic – 2026-06-12 14:38:23
// Enhance report generation for church services – 2026-06-15 15:00:00
// Improve UI flow for service check-ins – 2026-06-15 15:00:00
// Improve attendance session tracking logic – 2026-06-15 15:00:00
// Optimize database indexing for attendance queries – 2026-06-15 15:00:00
// Improve UI flow for service check-ins – 2026-06-15 15:00:00
// Improve attendance session tracking logic – 2026-06-15 15:00:00
// Enhance report generation for church services – 2026-06-16 15:00:00
// Refactor member registration workflow – 2026-06-16 15:00:00
// Improve UI flow for service check-ins – 2026-06-16 15:00:00
// Refactor member registration workflow – 2026-06-16 15:00:00
// Improve UI flow for service check-ins – 2026-06-17 15:00:00
// Improve UI flow for service check-ins – 2026-06-17 15:00:00
// Improve UI flow for service check-ins – 2026-06-17 15:00:00
// Enhance report generation for church services – 2026-06-17 15:00:00
// Improve attendance session tracking logic – 2026-06-17 15:00:00
// Improve attendance session tracking logic – 2026-06-17 15:00:00
// Enhance report generation for church services – 2026-06-18 15:00:00
// Enhance report generation for church services – 2026-06-18 15:00:00
// Refactor member registration workflow – 2026-06-18 15:00:00
// Improve attendance session tracking logic – 2026-06-19 15:00:00
// Refactor member registration workflow – 2026-06-19 15:00:00
// Refactor member registration workflow – 2026-06-19 15:00:00
// Improve UI flow for service check-ins – 2026-06-19 15:00:00
// Enhance report generation for church services – 2026-06-19 15:00:00
// Improve UI flow for service check-ins – 2026-06-19 15:00:00
// Improve attendance session tracking logic – 2026-06-20 15:00:00
// Refactor member registration workflow – 2026-06-20 15:00:00
// Improve attendance session tracking logic – 2026-06-20 15:00:00
// Optimize database indexing for attendance queries – 2026-06-20 15:00:00
// Improve attendance session tracking logic – 2026-06-20 15:00:00
// Improve UI flow for service check-ins – 2026-06-20 15:00:00
// Optimize database indexing for attendance queries – 2026-06-20 15:00:00
// Improve UI flow for service check-ins – 2026-06-21 15:00:00
// Improve attendance session tracking logic – 2026-06-21 15:00:00
// Refactor member registration workflow – 2026-06-21 15:00:00
// Enhance report generation for church services – 2026-06-21 15:00:00
// Improve attendance session tracking logic – 2026-06-22 15:00:00
// Improve attendance session tracking logic – 2026-06-22 15:00:00
// Optimize database indexing for attendance queries – 2026-06-22 15:00:00
// Improve UI flow for service check-ins – 2026-06-22 15:00:00
// Improve UI flow for service check-ins – 2026-06-22 15:00:00
// Optimize database indexing for attendance queries – 2026-06-22 15:00:00
// Improve attendance session tracking logic – 2026-06-22 15:00:00
// Optimize database indexing for attendance queries – 2026-06-23 15:00:00
// Enhance report generation for church services – 2026-06-23 15:00:00
